Using pre-set license
Built from '2021.1/staging' branch; Version is '2021.1.5f1 (3737af19df53) revision 3618735'; Using compiler version '192528614'; Build Type 'Release'
OS: 'Windows 10 Home; OS build 19042.928; Version 2009; 64bit' Language: 'en' Physical Memory: 32609 MB
BatchMode: 1, IsHumanControllingUs: 0, StartBugReporterOnCrash: 0, Is64bit: 1, IsPro: 0

 COMMAND LINE ARGUMENTS:
C:\Program Files\2021.1.5f1\Editor\Unity.exe
-adb2
-batchMode
-noUpm
-name
AssetImportWorker0
-projectPath
D:/Unity/ADRC4_2021/Stone0511
-logFile
Logs/AssetImportWorker0.log
-srvPort
61609
Successfully changed project path to: D:/Unity/ADRC4_2021/Stone0511
D:/Unity/ADRC4_2021/Stone0511
Using Asset Import Pipeline V2.
Refreshing native plugins compatible for Editor in 85.13 ms, found 1 plugins.
Preloading 0 native plugins for Editor in 0.00 ms.
Initialize engine version: 2021.1.5f1 (3737af19df53)
[Subsystems] Discovering subsystems at path C:/Program Files/2021.1.5f1/Editor/Data/Resources/UnitySubsystems
[Subsystems] Discovering subsystems at path D:/Unity/ADRC4_2021/Stone0511/Assets
GfxDevice: creating device client; threaded=0; jobified=0
Direct3D:
    Version:  Direct3D 11.0 [level 11.1]
    Renderer: NVIDIA GeForce RTX 2070 with Max-Q Design (ID=0x1f10)
    Vendor:   NVIDIA
    VRAM:     8031 MB
    Driver:   27.21.14.6140
Initialize mono
Mono path[0] = 'C:/Program Files/2021.1.5f1/Editor/Data/Managed'
Mono path[1] = 'C:/Program Files/2021.1.5f1/Editor/Data/MonoBleedingEdge/lib/mono/unityjit'
Mono config path = 'C:/Program Files/2021.1.5f1/Editor/Data/MonoBleedingEdge/etc'
Using monoOptions --debugger-agent=transport=dt_socket,embedding=1,server=y,suspend=n,address=127.0.0.1:56724
Begin MonoManager ReloadAssembly
Registering precompiled unity dll's ...
Register platform support module: C:/Program Files/2021.1.5f1/Editor/Data/PlaybackEngines/WebGLSupport/UnityEditor.WebGL.Extensions.dll
Register platform support module: C:/Program Files/2021.1.5f1/Editor/Data/PlaybackEngines/WindowsStandaloneSupport/UnityEditor.WindowsStandalone.Extensions.dll
Registered in 0.003057 seconds.
Native extension for WindowsStandalone target not found
Native extension for WebGL target not found
Refreshing native plugins compatible for Editor in 85.46 ms, found 1 plugins.
Preloading 0 native plugins for Editor in 0.00 ms.
Mono: successfully reloaded assembly
- Completed reload, in  2.066 seconds
Platform modules already initialized, skipping
Registering precompiled user dll's ...
Registered in 0.002335 seconds.
Begin MonoManager ReloadAssembly
Native extension for WindowsStandalone target not found
Native extension for WebGL target not found
Refreshing native plugins compatible for Editor in 1.18 ms, found 1 plugins.
Preloading 0 native plugins for Editor in 0.00 ms.
Mono: successfully reloaded assembly
- Completed reload, in  1.192 seconds
Platform modules already initialized, skipping
========================================================================
Worker process is ready to serve import requests
Launched and connected shader compiler UnityShaderCompiler.exe after 0.04 seconds
Refreshing native plugins compatible for Editor in 0.48 ms, found 1 plugins.
Preloading 0 native plugins for Editor in 0.00 ms.
Unloading 2674 Unused Serialized files (Serialized files now loaded: 0)
System memory in use before: 98.1 MB.
System memory in use after: 98.3 MB.

Unloading 14 unused Assets to reduce memory usage. Loaded Objects now: 3127.
Total: 1.983600 ms (FindLiveObjects: 0.217200 ms CreateObjectMapping: 0.109700 ms MarkObjects: 1.606900 ms  DeleteObjects: 0.048900 ms)

========================================================================
Received Import Request.
  path: Assets/Scenes/Stone.unity
  artifactKey: Guid(81d41fdbc7d60bf4a93b59c841bac8a8) Importer(815301076,1909f56bfc062723c751e8b465ee728b)
Start importing Assets/Scenes/Stone.unity using Guid(81d41fdbc7d60bf4a93b59c841bac8a8) Importer(815301076,1909f56bfc062723c751e8b465ee728b)  -> (artifact id: 'b99e74b1141fb242adbac126fd8873e4') in 0.015080 seconds 
========================================================================
Received Import Request.
  Time since last request: 0.000323 seconds.
  path: Assets/Scenes
  artifactKey: Guid(fa1dfe64a8443a144a797ca7719d516a) Importer(815301076,1909f56bfc062723c751e8b465ee728b)
Start importing Assets/Scenes using Guid(fa1dfe64a8443a144a797ca7719d516a) Importer(815301076,1909f56bfc062723c751e8b465ee728b)  -> (artifact id: 'a4bd89c549eb9b1848e682161997a7ac') in 0.006559 seconds 
========================================================================
Received Import Request.
  Time since last request: 0.000349 seconds.
  path: Assets/Scenes/SampleScene.unity
  artifactKey: Guid(9fc0d4010bbf28b4594072e72b8655ab) Importer(815301076,1909f56bfc062723c751e8b465ee728b)
Start importing Assets/Scenes/SampleScene.unity using Guid(9fc0d4010bbf28b4594072e72b8655ab) Importer(815301076,1909f56bfc062723c751e8b465ee728b)  -> (artifact id: 'f1378295339b2c46aab607fdfb85d03c') in 0.008224 seconds 
========================================================================
Received Prepare
Registering precompiled user dll's ...
Registered in 0.002711 seconds.
Begin MonoManager ReloadAssembly
Native extension for WindowsStandalone target not found
Native extension for WebGL target not found
Refreshing native plugins compatible for Editor in 0.51 ms, found 1 plugins.
Preloading 0 native plugins for Editor in 0.00 ms.
Mono: successfully reloaded assembly
- Completed reload, in  1.232 seconds
Platform modules already initialized, skipping
Refreshing native plugins compatible for Editor in 0.99 ms, found 1 plugins.
Preloading 0 native plugins for Editor in 0.00 ms.
Unloading 2668 Unused Serialized files (Serialized files now loaded: 0)
System memory in use before: 98.0 MB.
System memory in use after: 98.2 MB.

Unloading 9 unused Assets to reduce memory usage. Loaded Objects now: 3130.
Total: 2.354800 ms (FindLiveObjects: 0.265600 ms CreateObjectMapping: 0.138500 ms MarkObjects: 1.926300 ms  DeleteObjects: 0.023500 ms)

========================================================================
Received Prepare
Registering precompiled user dll's ...
Registered in 0.003879 seconds.
Begin MonoManager ReloadAssembly
Native extension for WindowsStandalone target not found
Native extension for WebGL target not found
Refreshing native plugins compatible for Editor in 0.50 ms, found 1 plugins.
Preloading 0 native plugins for Editor in 0.00 ms.
Mono: successfully reloaded assembly
- Completed reload, in  1.130 seconds
Platform modules already initialized, skipping
Refreshing native plugins compatible for Editor in 0.55 ms, found 1 plugins.
Preloading 0 native plugins for Editor in 0.00 ms.
Unloading 2668 Unused Serialized files (Serialized files now loaded: 0)
System memory in use before: 98.1 MB.
System memory in use after: 98.3 MB.

Unloading 9 unused Assets to reduce memory usage. Loaded Objects now: 3133.
Total: 2.211300 ms (FindLiveObjects: 0.234600 ms CreateObjectMapping: 0.138800 ms MarkObjects: 1.817400 ms  DeleteObjects: 0.019800 ms)

========================================================================
Received Prepare
Registering precompiled user dll's ...
Registered in 0.002583 seconds.
Begin MonoManager ReloadAssembly
Native extension for WindowsStandalone target not found
Native extension for WebGL target not found
Refreshing native plugins compatible for Editor in 0.50 ms, found 1 plugins.
Preloading 0 native plugins for Editor in 0.00 ms.
Mono: successfully reloaded assembly
- Completed reload, in  1.155 seconds
Platform modules already initialized, skipping
Refreshing native plugins compatible for Editor in 0.66 ms, found 1 plugins.
Preloading 0 native plugins for Editor in 0.00 ms.
Unloading 2668 Unused Serialized files (Serialized files now loaded: 0)
System memory in use before: 98.1 MB.
System memory in use after: 98.3 MB.

Unloading 9 unused Assets to reduce memory usage. Loaded Objects now: 3136.
Total: 2.885600 ms (FindLiveObjects: 0.354200 ms CreateObjectMapping: 0.243000 ms MarkObjects: 2.261200 ms  DeleteObjects: 0.025700 ms)

========================================================================
Received Import Request.
  Time since last request: 693.852825 seconds.
  path: Assets/Scenes/TriMesh.cs
  artifactKey: Guid(4c97776971181844ab2285594e6aa462) Importer(815301076,1909f56bfc062723c751e8b465ee728b)
Start importing Assets/Scenes/TriMesh.cs using Guid(4c97776971181844ab2285594e6aa462) Importer(815301076,1909f56bfc062723c751e8b465ee728b)  -> (artifact id: '926667c34f5ebeb1433ce7024ba02bf6') in 0.036447 seconds 
========================================================================
Received Import Request.
  Time since last request: 9.261146 seconds.
  path: Assets/script
  artifactKey: Guid(0010fa5c4e6054b499a47425e0939520) Importer(815301076,1909f56bfc062723c751e8b465ee728b)
Start importing Assets/script using Guid(0010fa5c4e6054b499a47425e0939520) Importer(815301076,1909f56bfc062723c751e8b465ee728b)  -> (artifact id: '6d2ba496389e0e6eb7f4a0a0d10edc84') in 0.007171 seconds 
========================================================================
Received Import Request.
  Time since last request: 5.612027 seconds.
  path: Assets/script/TriMesh.cs
  artifactKey: Guid(572645e62836c2046a0678b1cbff372a) Importer(815301076,1909f56bfc062723c751e8b465ee728b)
Start importing Assets/script/TriMesh.cs using Guid(572645e62836c2046a0678b1cbff372a) Importer(815301076,1909f56bfc062723c751e8b465ee728b)  -> (artifact id: 'd2ff46215e5f38175827bf813e1fc899') in 0.002019 seconds 
========================================================================
Received Prepare
Registering precompiled user dll's ...
Registered in 0.003203 seconds.
Begin MonoManager ReloadAssembly
Native extension for WindowsStandalone target not found
Native extension for WebGL target not found
Refreshing native plugins compatible for Editor in 0.51 ms, found 1 plugins.
Preloading 0 native plugins for Editor in 0.00 ms.
Mono: successfully reloaded assembly
- Completed reload, in  1.178 seconds
Platform modules already initialized, skipping
Refreshing native plugins compatible for Editor in 0.56 ms, found 1 plugins.
Preloading 0 native plugins for Editor in 0.00 ms.
Unloading 2669 Unused Serialized files (Serialized files now loaded: 0)
System memory in use before: 98.1 MB.
System memory in use after: 98.3 MB.

Unloading 9 unused Assets to reduce memory usage. Loaded Objects now: 3140.
Total: 2.701100 ms (FindLiveObjects: 0.288500 ms CreateObjectMapping: 0.169300 ms MarkObjects: 2.223700 ms  DeleteObjects: 0.018600 ms)

========================================================================
Received Import Request.
  Time since last request: 325.929768 seconds.
  path: Assets/script/TriMesh.cs
  artifactKey: Guid(572645e62836c2046a0678b1cbff372a) Importer(815301076,1909f56bfc062723c751e8b465ee728b)
Start importing Assets/script/TriMesh.cs using Guid(572645e62836c2046a0678b1cbff372a) Importer(815301076,1909f56bfc062723c751e8b465ee728b)  -> (artifact id: '07c8e6619f3d50711085737b3b9527d0') in 0.005495 seconds 
========================================================================
Received Import Request.
  Time since last request: 3.048637 seconds.
  path: Assets/Model
  artifactKey: Guid(514296918b4decc4982f2024e0cc7a71) Importer(815301076,1909f56bfc062723c751e8b465ee728b)
Start importing Assets/Model using Guid(514296918b4decc4982f2024e0cc7a71) Importer(815301076,1909f56bfc062723c751e8b465ee728b)  -> (artifact id: 'bacd3c16738500e0bc6e1e5f68246411') in 0.006144 seconds 
========================================================================
Received Import Request.
  Time since last request: 0.060507 seconds.
  path: Assets/Model/stone 1.FBX
  artifactKey: Guid(89fe543095339d742be2b4fcede3ce8d) Importer(815301076,1909f56bfc062723c751e8b465ee728b)
Start importing Assets/Model/stone 1.FBX using Guid(89fe543095339d742be2b4fcede3ce8d) Importer(815301076,1909f56bfc062723c751e8b465ee728b)  -> (artifact id: '6bf25d8cb128123d61429be348715853') in 0.394487 seconds 
========================================================================
Received Import Request.
  Time since last request: 0.000268 seconds.
  path: Assets/Model/stone 2.FBX
  artifactKey: Guid(53d198b6660e6c44ab6e4728eeeeb9cd) Importer(815301076,1909f56bfc062723c751e8b465ee728b)
Start importing Assets/Model/stone 2.FBX using Guid(53d198b6660e6c44ab6e4728eeeeb9cd) Importer(815301076,1909f56bfc062723c751e8b465ee728b)  -> (artifact id: '3f84ab27871b610e48142fef03e63a00') in 0.021690 seconds 
========================================================================
Received Import Request.
  Time since last request: 3.921034 seconds.
  path: Assets/Prefab
  artifactKey: Guid(62cd5d83c1184cd4982498acabe64d20) Importer(815301076,1909f56bfc062723c751e8b465ee728b)
Start importing Assets/Prefab using Guid(62cd5d83c1184cd4982498acabe64d20) Importer(815301076,1909f56bfc062723c751e8b465ee728b)  -> (artifact id: '5a97c5860c59eb61c92533a9278515e7') in 0.007186 seconds 
========================================================================
Received Import Request.
  Time since last request: 1.183677 seconds.
  path: Assets/Prefab/model
  artifactKey: Guid(e344238699986e64ba13bfee7aa74145) Importer(815301076,1909f56bfc062723c751e8b465ee728b)
Start importing Assets/Prefab/model using Guid(e344238699986e64ba13bfee7aa74145) Importer(815301076,1909f56bfc062723c751e8b465ee728b)  -> (artifact id: 'ea1de13ce0ab5657e96a36d94bdb319a') in 0.007090 seconds 
========================================================================
Received Import Request.
  Time since last request: 0.040966 seconds.
  path: Assets/Prefab/model/10537888-natural-stone-texture-with-different-colors.jpg
  artifactKey: Guid(d79eb2d49bc8fe84981346d2c1cc5618) Importer(815301076,1909f56bfc062723c751e8b465ee728b)
Start importing Assets/Prefab/model/10537888-natural-stone-texture-with-different-colors.jpg using Guid(d79eb2d49bc8fe84981346d2c1cc5618) Importer(815301076,1909f56bfc062723c751e8b465ee728b)  -> (artifact id: '1a0d91404b1342105b4526ae93a339fa') in 0.051670 seconds 
========================================================================
Received Import Request.
  Time since last request: 0.000327 seconds.
  path: Assets/Prefab/model/Stone_6.fbx
  artifactKey: Guid(1bb5ae30fc7756a4894d4b43c1894644) Importer(815301076,1909f56bfc062723c751e8b465ee728b)
Start importing Assets/Prefab/model/Stone_6.fbx using Guid(1bb5ae30fc7756a4894d4b43c1894644) Importer(815301076,1909f56bfc062723c751e8b465ee728b)  -> (artifact id: '5ecc55b7e59945a4d3029dcc9c73ae0f') in 0.040578 seconds 
========================================================================
Received Import Request.
  Time since last request: 0.000301 seconds.
  path: Assets/Prefab/model/Stone_4.fbx
  artifactKey: Guid(fa365e67cd678de439d6e92d5323510f) Importer(815301076,1909f56bfc062723c751e8b465ee728b)
Start importing Assets/Prefab/model/Stone_4.fbx using Guid(fa365e67cd678de439d6e92d5323510f) Importer(815301076,1909f56bfc062723c751e8b465ee728b)  -> (artifact id: 'af20185342d0d82b2f29a3bd1ad0d957') in 0.036301 seconds 
========================================================================
Received Import Request.
  Time since last request: 0.000263 seconds.
  path: Assets/Prefab/model/Stone_9.fbx
  artifactKey: Guid(6a2496d4853d0874d8ee98d59765ce3e) Importer(815301076,1909f56bfc062723c751e8b465ee728b)
Start importing Assets/Prefab/model/Stone_9.fbx using Guid(6a2496d4853d0874d8ee98d59765ce3e) Importer(815301076,1909f56bfc062723c751e8b465ee728b)  -> (artifact id: '7873896227e3b8a4f3b1619551077ca1') in 0.031838 seconds 
========================================================================
Received Import Request.
  Time since last request: 0.000317 seconds.
  path: Assets/Prefab/model/sandstone.mat
  artifactKey: Guid(3af074731d490294ab1cae64d6f920c2) Importer(815301076,1909f56bfc062723c751e8b465ee728b)
Start importing Assets/Prefab/model/sandstone.mat using Guid(3af074731d490294ab1cae64d6f920c2) Importer(815301076,1909f56bfc062723c751e8b465ee728b)  -> (artifact id: '0685c501d2c73c082a24e0fadd065fc4') in 0.031309 seconds 
========================================================================
Received Import Request.
  Time since last request: 0.000460 seconds.
  path: Assets/Prefab/model/Stone_3.fbx
  artifactKey: Guid(d8f7414afa3608f43be07d608f922c2d) Importer(815301076,1909f56bfc062723c751e8b465ee728b)
Start importing Assets/Prefab/model/Stone_3.fbx using Guid(d8f7414afa3608f43be07d608f922c2d) Importer(815301076,1909f56bfc062723c751e8b465ee728b)  -> (artifact id: '32ee330ed688bf6f4945bd3df99aac56') in 0.034470 seconds 
========================================================================
Received Import Request.
  Time since last request: 0.000318 seconds.
  path: Assets/Prefab/model/Stone_8.fbx
  artifactKey: Guid(6c7f5156b1b03d2418a0fc582fd1582b) Importer(815301076,1909f56bfc062723c751e8b465ee728b)
Start importing Assets/Prefab/model/Stone_8.fbx using Guid(6c7f5156b1b03d2418a0fc582fd1582b) Importer(815301076,1909f56bfc062723c751e8b465ee728b)  -> (artifact id: 'b3cca7e2b3b041436e4b838fa3d97bd6') in 0.032435 seconds 
========================================================================
Received Import Request.
  Time since last request: 0.000472 seconds.
  path: Assets/Prefab/model/stone texture.mat
  artifactKey: Guid(c8745dbced63b6c4995c855477892edd) Importer(815301076,1909f56bfc062723c751e8b465ee728b)
Start importing Assets/Prefab/model/stone texture.mat using Guid(c8745dbced63b6c4995c855477892edd) Importer(815301076,1909f56bfc062723c751e8b465ee728b)  -> (artifact id: '5c883e35923800b84f33a7d89bff37e2') in 0.016008 seconds 
========================================================================
Received Import Request.
  Time since last request: 0.000346 seconds.
  path: Assets/Prefab/model/Stone_2.fbx
  artifactKey: Guid(71af44d8988e03f488794e7334793cc9) Importer(815301076,1909f56bfc062723c751e8b465ee728b)
Start importing Assets/Prefab/model/Stone_2.fbx using Guid(71af44d8988e03f488794e7334793cc9) Importer(815301076,1909f56bfc062723c751e8b465ee728b)  -> (artifact id: '2ac25fcbb780109a21e839db27081424') in 0.036587 seconds 
========================================================================
Received Import Request.
  Time since last request: 0.006962 seconds.
  path: Assets/Prefab/model/Stone_14.fbx
  artifactKey: Guid(c7caece0f7bf690448a2347a529bd8fe) Importer(815301076,1909f56bfc062723c751e8b465ee728b)
Start importing Assets/Prefab/model/Stone_14.fbx using Guid(c7caece0f7bf690448a2347a529bd8fe) Importer(815301076,1909f56bfc062723c751e8b465ee728b)  -> (artifact id: '7462fb582452787d882a0d7656ba2702') in 0.033437 seconds 
========================================================================
Received Import Request.
  Time since last request: 0.000308 seconds.
  path: Assets/Prefab/model/Stone_11.fbx
  artifactKey: Guid(ab22ff9a2886ba64ba2a1f65d46b0177) Importer(815301076,1909f56bfc062723c751e8b465ee728b)
Start importing Assets/Prefab/model/Stone_11.fbx using Guid(ab22ff9a2886ba64ba2a1f65d46b0177) Importer(815301076,1909f56bfc062723c751e8b465ee728b)  -> (artifact id: 'e733c7c21c9623c4ca5d1a9388110886') in 0.039484 seconds 
========================================================================
Received Import Request.
  Time since last request: 0.000295 seconds.
  path: Assets/Prefab/model/Albedo_2K__ubrhcdzjw.png
  artifactKey: Guid(cdd49cbf8575263448866887084cb56f) Importer(815301076,1909f56bfc062723c751e8b465ee728b)
Start importing Assets/Prefab/model/Albedo_2K__ubrhcdzjw.png using Guid(cdd49cbf8575263448866887084cb56f) Importer(815301076,1909f56bfc062723c751e8b465ee728b)  -> (artifact id: '08fc5b00446e6a267e690085a7edfd9e') in 0.016739 seconds 
========================================================================
Received Import Request.
  Time since last request: 0.000297 seconds.
  path: Assets/Prefab/model/Stone_1.fbx
  artifactKey: Guid(1afb7cb69d138df4c9df6541bb2e8b86) Importer(815301076,1909f56bfc062723c751e8b465ee728b)
Start importing Assets/Prefab/model/Stone_1.fbx using Guid(1afb7cb69d138df4c9df6541bb2e8b86) Importer(815301076,1909f56bfc062723c751e8b465ee728b)  -> (artifact id: '8e89978453054636e0d3383fd22848fc') in 0.031121 seconds 
========================================================================
Received Import Request.
  Time since last request: 0.000321 seconds.
  path: Assets/Prefab/model/Stone_5.fbx
  artifactKey: Guid(e472216cecfefe84b87891b9b3da0c2a) Importer(815301076,1909f56bfc062723c751e8b465ee728b)
Start importing Assets/Prefab/model/Stone_5.fbx using Guid(e472216cecfefe84b87891b9b3da0c2a) Importer(815301076,1909f56bfc062723c751e8b465ee728b)  -> (artifact id: '8e276f56400c439f170442bdfae23865') in 0.034524 seconds 
========================================================================
Received Import Request.
  Time since last request: 0.000341 seconds.
  path: Assets/Prefab/model/Stone_7.fbx
  artifactKey: Guid(a891711f7b4d1a243a36594ba187995a) Importer(815301076,1909f56bfc062723c751e8b465ee728b)
Start importing Assets/Prefab/model/Stone_7.fbx using Guid(a891711f7b4d1a243a36594ba187995a) Importer(815301076,1909f56bfc062723c751e8b465ee728b)  -> (artifact id: '79fd95ee76c5483a371ac27e329ea6a9') in 0.030491 seconds 
========================================================================
Received Import Request.
  Time since last request: 0.000310 seconds.
  path: Assets/Prefab/model/Stone_13.fbx
  artifactKey: Guid(82255453f2bc8cc46833b824df1aea95) Importer(815301076,1909f56bfc062723c751e8b465ee728b)
Start importing Assets/Prefab/model/Stone_13.fbx using Guid(82255453f2bc8cc46833b824df1aea95) Importer(815301076,1909f56bfc062723c751e8b465ee728b)  -> (artifact id: '60545ee5072da3499a73736b943c850b') in 0.036484 seconds 
========================================================================
Received Import Request.
  Time since last request: 0.000301 seconds.
  path: Assets/Prefab/model/Stone_12.fbx
  artifactKey: Guid(1f61de568c4f14e4d8f681ac92a25535) Importer(815301076,1909f56bfc062723c751e8b465ee728b)
Start importing Assets/Prefab/model/Stone_12.fbx using Guid(1f61de568c4f14e4d8f681ac92a25535) Importer(815301076,1909f56bfc062723c751e8b465ee728b)  -> (artifact id: '97d802ec5dec652a47f565c2a2eeb22b') in 0.041507 seconds 
========================================================================
Received Import Request.
  Time since last request: 0.000304 seconds.
  path: Assets/Prefab/model/Stone_15.fbx
  artifactKey: Guid(7106e1bc01330e84d8007afb8a582e61) Importer(815301076,1909f56bfc062723c751e8b465ee728b)
Start importing Assets/Prefab/model/Stone_15.fbx using Guid(7106e1bc01330e84d8007afb8a582e61) Importer(815301076,1909f56bfc062723c751e8b465ee728b)  -> (artifact id: '86553e315216414cce203ede266e9078') in 0.033915 seconds 
========================================================================
Received Import Request.
  Time since last request: 0.000282 seconds.
  path: Assets/Prefab/model/Material voxel1.mat
  artifactKey: Guid(2fb3159a7bf2fda4694ad92f0f791ef0) Importer(815301076,1909f56bfc062723c751e8b465ee728b)
Start importing Assets/Prefab/model/Material voxel1.mat using Guid(2fb3159a7bf2fda4694ad92f0f791ef0) Importer(815301076,1909f56bfc062723c751e8b465ee728b)  -> (artifact id: 'fdc0bca2e590d4e742ebf58c509ec89f') in 0.017697 seconds 
========================================================================
Received Import Request.
  Time since last request: 0.000716 seconds.
  path: Assets/Prefab/model/Stone_10.fbx
  artifactKey: Guid(c95b2ce88d93fa3489283f87753ac68f) Importer(815301076,1909f56bfc062723c751e8b465ee728b)
Start importing Assets/Prefab/model/Stone_10.fbx using Guid(c95b2ce88d93fa3489283f87753ac68f) Importer(815301076,1909f56bfc062723c751e8b465ee728b)  -> (artifact id: '7dc77dae4c294a07fe7a64970da0dba5') in 0.026814 seconds 
========================================================================
Received Prepare
Registering precompiled user dll's ...
Registered in 0.002416 seconds.
Begin MonoManager ReloadAssembly
Native extension for WindowsStandalone target not found
Native extension for WebGL target not found
Refreshing native plugins compatible for Editor in 0.70 ms, found 1 plugins.
Preloading 0 native plugins for Editor in 0.00 ms.
Mono: successfully reloaded assembly
- Completed reload, in  1.295 seconds
Platform modules already initialized, skipping
Refreshing native plugins compatible for Editor in 0.70 ms, found 1 plugins.
Preloading 0 native plugins for Editor in 0.00 ms.
Unloading 2671 Unused Serialized files (Serialized files now loaded: 0)
System memory in use before: 106.4 MB.
System memory in use after: 106.7 MB.

Unloading 9 unused Assets to reduce memory usage. Loaded Objects now: 3217.
Total: 4.951800 ms (FindLiveObjects: 0.442500 ms CreateObjectMapping: 0.227300 ms MarkObjects: 4.247000 ms  DeleteObjects: 0.032500 ms)

